[2020/06/27-10:49:14.925] [MRT-1688] [INFO] [dku.block.link.interaction]  - Check result for nullity exceptionIfNull=true result=null
[2020/06/27-10:49:14.925] [MRT-1688] [INFO] [dku.block.link.interaction]  - Check result for nullity exceptionIfNull=true result=null
[2020/06/27-10:49:14.925] [KNL-python-single-command-kernel-monitor-1695] [INFO] [dku.kernels]  - Process done with code 0
[2020/06/27-10:49:14.925] [KNL-python-single-command-kernel-monitor-1695] [INFO] [dku.kernels]  - Process done with code 0
[2020/06/27-10:49:15.012] [KNL-python-single-command-kernel-monitor-1695] [INFO] [dip.tickets]  - Destroying API ticket for analysis-ml-CONUNDRUM13-3aQC40a on behalf of admin
[2020/06/27-10:49:15.012] [KNL-python-single-command-kernel-monitor-1695] [INFO] [dip.tickets]  - Destroying API ticket for analysis-ml-CONUNDRUM13-3aQC40a on behalf of admin
[2020/06/27-10:49:15.252] [MRT-1688] [INFO] [dku.kernels]  - Getting kernel tail
[2020/06/27-10:49:15.252] [MRT-1688] [INFO] [dku.kernels]  - Getting kernel tail
[2020/06/27-10:49:15.291] [MRT-1688] [INFO] [dku.kernels]  - Trying to enrich exception: com.dataiku.dip.io.SocketBlockLinkKernelException: Failed to train : <type 'exceptions.IOError'> : [Errno 2] No such file or directory: u'/Volumes/DATA/dss_home/analysis-data/CONUNDRUM13/vMklGQab/l8d6PCGg/sessions/s3/pp2/m1/train_info.json' from kernel com.dataiku.dip.analysis.coreservices.AnalysisMLKernel@1402f07f process=null pid=?? retcode=0
[2020/06/27-10:49:15.291] [MRT-1688] [INFO] [dku.kernels]  - Trying to enrich exception: com.dataiku.dip.io.SocketBlockLinkKernelException: Failed to train : <type 'exceptions.IOError'> : [Errno 2] No such file or directory: u'/Volumes/DATA/dss_home/analysis-data/CONUNDRUM13/vMklGQab/l8d6PCGg/sessions/s3/pp2/m1/train_info.json' from kernel com.dataiku.dip.analysis.coreservices.AnalysisMLKernel@1402f07f process=null pid=?? retcode=0
[2020/06/27-10:49:15.296] [MRT-1688] [WARN] [dku.analysis.ml.python]  - Training failed
com.dataiku.dip.io.SocketBlockLinkKernelException: Failed to train : <type 'exceptions.IOError'> : [Errno 2] No such file or directory: u'/Volumes/DATA/dss_home/analysis-data/CONUNDRUM13/vMklGQab/l8d6PCGg/sessions/s3/pp2/m1/train_info.json'
	at com.dataiku.dip.io.SocketBlockLinkInteraction.throwExceptionFromPython(SocketBlockLinkInteraction.java:302)
	at com.dataiku.dip.io.SocketBlockLinkInteraction$AsyncResult.checkException(SocketBlockLinkInteraction.java:215)
	at com.dataiku.dip.io.SocketBlockLinkInteraction$AsyncResult.get(SocketBlockLinkInteraction.java:190)
	at com.dataiku.dip.io.SingleCommandKernelLink$1.call(SingleCommandKernelLink.java:208)
	at com.dataiku.dip.analysis.ml.clustering.ClusteringTrainAdditionalThread.process(ClusteringTrainAdditionalThread.java:68)
	at com.dataiku.dip.analysis.ml.shared.PRNSTrainThread.run(PRNSTrainThread.java:137)
[2020/06/27-10:49:15.296] [MRT-1688] [WARN] [dku.analysis.ml.python]  - Training failed
com.dataiku.dip.io.SocketBlockLinkKernelException: Failed to train : <type 'exceptions.IOError'> : [Errno 2] No such file or directory: u'/Volumes/DATA/dss_home/analysis-data/CONUNDRUM13/vMklGQab/l8d6PCGg/sessions/s3/pp2/m1/train_info.json'
	at com.dataiku.dip.io.SocketBlockLinkInteraction.throwExceptionFromPython(SocketBlockLinkInteraction.java:302)
	at com.dataiku.dip.io.SocketBlockLinkInteraction$AsyncResult.checkException(SocketBlockLinkInteraction.java:215)
	at com.dataiku.dip.io.SocketBlockLinkInteraction$AsyncResult.get(SocketBlockLinkInteraction.java:190)
	at com.dataiku.dip.io.SingleCommandKernelLink$1.call(SingleCommandKernelLink.java:208)
	at com.dataiku.dip.analysis.ml.clustering.ClusteringTrainAdditionalThread.process(ClusteringTrainAdditionalThread.java:68)
	at com.dataiku.dip.analysis.ml.shared.PRNSTrainThread.run(PRNSTrainThread.java:137)
[2020/06/27-10:49:15.309] [FT-TrainWorkThread-3IqlZ28x-1686] [INFO] [dku.analysis.ml.python] T-l8d6PCGg - Processing thread joined ...
[2020/06/27-10:49:15.309] [FT-TrainWorkThread-3IqlZ28x-1686] [INFO] [dku.analysis.ml.python] T-l8d6PCGg - Processing thread joined ...
[2020/06/27-10:49:15.313] [FT-TrainWorkThread-3IqlZ28x-1686] [INFO] [dku.analysis.clustering] T-l8d6PCGg - Train done
[2020/06/27-10:49:15.313] [FT-TrainWorkThread-3IqlZ28x-1686] [INFO] [dku.analysis.clustering] T-l8d6PCGg - Train done
[2020/06/27-10:49:15.314] [FT-TrainWorkThread-3IqlZ28x-1686] [INFO] [dku.analysis.prediction] T-l8d6PCGg - Train done
[2020/06/27-10:49:15.314] [FT-TrainWorkThread-3IqlZ28x-1686] [INFO] [dku.analysis.prediction] T-l8d6PCGg - Train done
